Determining if the pthread_create exist failed with the following output:
Change Dir: /home/yifan/mygit/path_db/catkin_ws/build/CMakeFiles/CMakeTmp

Run Build Command:"/usr/bin/make" "cmTC_62dad/fast"
/usr/bin/make -f CMakeFiles/cmTC_62dad.dir/build.make CMakeFiles/cmTC_62dad.dir/build
make[1]: Entering directory '/home/yifan/mygit/path_db/catkin_ws/build/CMakeFiles/CMakeTmp'
Building C object CMakeFiles/cmTC_62dad.dir/CheckSymbolExists.c.o
/usr/bin/cc     -o CMakeFiles/cmTC_62dad.dir/CheckSymbolExists.c.o   -c /home/yifan/mygit/path_db/catkin_ws/build/CMakeFiles/CMakeTmp/CheckSymbolExists.c
Linking C executable cmTC_62dad
/usr/bin/cmake -E cmake_link_script CMakeFiles/cmTC_62dad.dir/link.txt --verbose=1
/usr/bin/cc       CMakeFiles/cmTC_62dad.dir/CheckSymbolExists.c.o  -o cmTC_62dad -rdynamic 
CMakeFiles/cmTC_62dad.dir/CheckSymbolExists.c.o: In function `main':
CheckSymbolExists.c:(.text+0x16): undefined reference to `pthread_create'
collect2: error: ld returned 1 exit status
CMakeFiles/cmTC_62dad.dir/build.make:97: recipe for target 'cmTC_62dad' failed
make[1]: *** [cmTC_62dad] Error 1
make[1]: Leaving directory '/home/yifan/mygit/path_db/catkin_ws/build/CMakeFiles/CMakeTmp'
Makefile:126: recipe for target 'cmTC_62dad/fast' failed
make: *** [cmTC_62dad/fast] Error 2

File /home/yifan/mygit/path_db/catkin_ws/build/CMakeFiles/CMakeTmp/CheckSymbolExists.c:
/* */
#include <pthread.h>

int main(int argc, char** argv)
{
  (void)argv;
#ifndef pthread_create
  return ((int*)(&pthread_create))[argc];
#else
  (void)argc;
  return 0;
#endif
}

Determining if the function pthread_create exists in the pthreads failed with the following output:
Change Dir: /home/yifan/mygit/path_db/catkin_ws/build/CMakeFiles/CMakeTmp

Run Build Command:"/usr/bin/make" "cmTC_8907a/fast"
/usr/bin/make -f CMakeFiles/cmTC_8907a.dir/build.make CMakeFiles/cmTC_8907a.dir/build
make[1]: Entering directory '/home/yifan/mygit/path_db/catkin_ws/build/CMakeFiles/CMakeTmp'
Building C object CMakeFiles/cmTC_8907a.dir/CheckFunctionExists.c.o
/usr/bin/cc    -DCHECK_FUNCTION_EXISTS=pthread_create   -o CMakeFiles/cmTC_8907a.dir/CheckFunctionExists.c.o   -c /usr/share/cmake-3.5/Modules/CheckFunctionExists.c
Linking C executable cmTC_8907a
/usr/bin/cmake -E cmake_link_script CMakeFiles/cmTC_8907a.dir/link.txt --verbose=1
/usr/bin/cc   -DCHECK_FUNCTION_EXISTS=pthread_create    CMakeFiles/cmTC_8907a.dir/CheckFunctionExists.c.o  -o cmTC_8907a -rdynamic -lpthreads 
/usr/bin/ld: cannot find -lpthreads
collect2: error: ld returned 1 exit status
CMakeFiles/cmTC_8907a.dir/build.make:97: recipe for target 'cmTC_8907a' failed
make[1]: *** [cmTC_8907a] Error 1
make[1]: Leaving directory '/home/yifan/mygit/path_db/catkin_ws/build/CMakeFiles/CMakeTmp'
Makefile:126: recipe for target 'cmTC_8907a/fast' failed
make: *** [cmTC_8907a/fast] Error 2


